<?xml version="1.0" encoding="UTF-8"?>
<testsuite xmlns:xsi="http://www.w3.org/2001/XMLSchema-instance" xsi:noNamespaceSchemaLocation="https://maven.apache.org/surefire/maven-surefire-plugin/xsd/surefire-test-report-3.0.xsd" version="3.0" name="edu.escuelaing.arep.app.HttpServerTest" time="0.162" tests="4" errors="0" skipped="0" failures="0">
  <properties>
    <property name="java.specification.version" value="21"/>
    <property name="sun.cpu.isalist" value="amd64"/>
    <property name="sun.jnu.encoding" value="Cp1252"/>
    <property name="java.class.path" value="C:\Users\sergio.gonzalez\OneDrive - Appgate Inc\Documents\personal\Universidad\AREP\taller_2_arep\target\test-classes;C:\Users\sergio.gonzalez\OneDrive - Appgate Inc\Documents\personal\Universidad\AREP\taller_2_arep\target\classes;C:\Users\sergio.gonzalez\.m2\repository\com\google\code\gson\gson\2.10\gson-2.10.jar;C:\Users\sergio.gonzalez\.m2\repository\junit\junit\4.13.1\junit-4.13.1.jar;C:\Users\sergio.gonzalez\.m2\repository\org\hamcrest\hamcrest-core\1.3\hamcrest-core-1.3.jar;C:\Users\sergio.gonzalez\.m2\repository\org\junit\jupiter\junit-jupiter\5.8.1\junit-jupiter-5.8.1.jar;C:\Users\sergio.gonzalez\.m2\repository\org\junit\jupiter\junit-jupiter-api\5.8.1\junit-jupiter-api-5.8.1.jar;C:\Users\sergio.gonzalez\.m2\repository\org\opentest4j\opentest4j\1.2.0\opentest4j-1.2.0.jar;C:\Users\sergio.gonzalez\.m2\repository\org\junit\platform\junit-platform-commons\1.8.1\junit-platform-commons-1.8.1.jar;C:\Users\sergio.gonzalez\.m2\repository\org\apiguardian\apiguardian-api\1.1.2\apiguardian-api-1.1.2.jar;C:\Users\sergio.gonzalez\.m2\repository\org\junit\jupiter\junit-jupiter-params\5.8.1\junit-jupiter-params-5.8.1.jar;C:\Users\sergio.gonzalez\.m2\repository\org\junit\jupiter\junit-jupiter-engine\5.8.1\junit-jupiter-engine-5.8.1.jar;C:\Users\sergio.gonzalez\.m2\repository\org\junit\platform\junit-platform-engine\1.8.1\junit-platform-engine-1.8.1.jar;"/>
    <property name="java.vm.vendor" value="Oracle Corporation"/>
    <property name="sun.arch.data.model" value="64"/>
    <property name="user.variant" value=""/>
    <property name="java.vendor.url" value="https://java.oracle.com/"/>
    <property name="user.timezone" value="America/Bogota"/>
    <property name="os.name" value="Windows 11"/>
    <property name="java.vm.specification.version" value="21"/>
    <property name="sun.java.launcher" value="SUN_STANDARD"/>
    <property name="user.country" value="US"/>
    <property name="sun.boot.library.path" value="C:\Program Files\Java\jdk-21\bin"/>
    <property name="sun.java.command" value="C:\Users\sergio.gonzalez\AppData\Local\Temp\surefire8606328055049887239\surefirebooter-20240206185218559_3.jar C:\Users\sergio.gonzalez\AppData\Local\Temp\surefire8606328055049887239 2024-02-06T18-52-18_261-jvmRun1 surefire-20240206185218559_1tmp surefire_0-20240206185218559_2tmp"/>
    <property name="jdk.debug" value="release"/>
    <property name="surefire.test.class.path" value="C:\Users\sergio.gonzalez\OneDrive - Appgate Inc\Documents\personal\Universidad\AREP\taller_2_arep\target\test-classes;C:\Users\sergio.gonzalez\OneDrive - Appgate Inc\Documents\personal\Universidad\AREP\taller_2_arep\target\classes;C:\Users\sergio.gonzalez\.m2\repository\com\google\code\gson\gson\2.10\gson-2.10.jar;C:\Users\sergio.gonzalez\.m2\repository\junit\junit\4.13.1\junit-4.13.1.jar;C:\Users\sergio.gonzalez\.m2\repository\org\hamcrest\hamcrest-core\1.3\hamcrest-core-1.3.jar;C:\Users\sergio.gonzalez\.m2\repository\org\junit\jupiter\junit-jupiter\5.8.1\junit-jupiter-5.8.1.jar;C:\Users\sergio.gonzalez\.m2\repository\org\junit\jupiter\junit-jupiter-api\5.8.1\junit-jupiter-api-5.8.1.jar;C:\Users\sergio.gonzalez\.m2\repository\org\opentest4j\opentest4j\1.2.0\opentest4j-1.2.0.jar;C:\Users\sergio.gonzalez\.m2\repository\org\junit\platform\junit-platform-commons\1.8.1\junit-platform-commons-1.8.1.jar;C:\Users\sergio.gonzalez\.m2\repository\org\apiguardian\apiguardian-api\1.1.2\apiguardian-api-1.1.2.jar;C:\Users\sergio.gonzalez\.m2\repository\org\junit\jupiter\junit-jupiter-params\5.8.1\junit-jupiter-params-5.8.1.jar;C:\Users\sergio.gonzalez\.m2\repository\org\junit\jupiter\junit-jupiter-engine\5.8.1\junit-jupiter-engine-5.8.1.jar;C:\Users\sergio.gonzalez\.m2\repository\org\junit\platform\junit-platform-engine\1.8.1\junit-platform-engine-1.8.1.jar;"/>
    <property name="sun.cpu.endian" value="little"/>
    <property name="user.home" value="C:\Users\sergio.gonzalez"/>
    <property name="user.language" value="en"/>
    <property name="java.specification.vendor" value="Oracle Corporation"/>
    <property name="java.version.date" value="2024-01-16"/>
    <property name="java.home" value="C:\Program Files\Java\jdk-21"/>
    <property name="file.separator" value="\"/>
    <property name="basedir" value="C:\Users\sergio.gonzalez\OneDrive - Appgate Inc\Documents\personal\Universidad\AREP\taller_2_arep"/>
    <property name="java.vm.compressedOopsMode" value="Zero based"/>
    <property name="line.separator" value="&#10;"/>
    <property name="java.vm.specification.vendor" value="Oracle Corporation"/>
    <property name="java.specification.name" value="Java Platform API Specification"/>
    <property name="surefire.real.class.path" value="C:\Users\sergio.gonzalez\AppData\Local\Temp\surefire8606328055049887239\surefirebooter-20240206185218559_3.jar"/>
    <property name="user.script" value=""/>
    <property name="sun.management.compiler" value="HotSpot 64-Bit Tiered Compilers"/>
    <property name="java.runtime.version" value="21.0.2+13-LTS-58"/>
    <property name="user.name" value="sergio.gonzalez"/>
    <property name="stdout.encoding" value="Cp1252"/>
    <property name="path.separator" value=";"/>
    <property name="os.version" value="10.0"/>
    <property name="java.runtime.name" value="Java(TM) SE Runtime Environment"/>
    <property name="file.encoding" value="UTF-8"/>
    <property name="java.vm.name" value="Java HotSpot(TM) 64-Bit Server VM"/>
    <property name="localRepository" value="C:\Users\sergio.gonzalez\.m2\repository"/>
    <property name="java.vendor.url.bug" value="https://bugreport.java.com/bugreport/"/>
    <property name="java.io.tmpdir" value="C:\Users\SERGIO~1.GON\AppData\Local\Temp\"/>
    <property name="java.version" value="21.0.2"/>
    <property name="user.dir" value="C:\Users\sergio.gonzalez\OneDrive - Appgate Inc\Documents\personal\Universidad\AREP\taller_2_arep"/>
    <property name="os.arch" value="amd64"/>
    <property name="java.vm.specification.name" value="Java Virtual Machine Specification"/>
    <property name="sun.os.patch.level" value=""/>
    <property name="native.encoding" value="Cp1252"/>
    <property name="java.library.path" value="C:\Program Files\Java\jdk-21\bin;C:\Windows\Sun\Java\bin;C:\Windows\system32;C:\Windows;C:\Program Files\Common Files\Oracle\Java\javapath;C:\Program Files\Eclipse Adoptium\jdk-11.0.22.7-hotspot\bin;C:\Program Files (x86)\Common Files\Oracle\Java\javapath;C:\Windows\system32;C:\Windows;C:\Windows\System32\Wbem;C:\Windows\System32\WindowsPowerShell\v1.0\;C:\Windows\System32\OpenSSH\;C:\Users\sergio.gonzalez\OneDrive - Appgate Inc\Documents\Para instalacion TI\apache-maven-3.9.6-bin\apache-maven-3.9.6\bin;C:\Users\sergio.gonzalez\AppData\Local\Microsoft\WindowsApps;C:\Users\sergio.gonzalez\AppData\Local\Programs\Microsoft VS Code\bin;C:\Users\sergio.gonzalez\AppData\Local\Programs\Git\cmd;."/>
    <property name="java.vm.info" value="mixed mode, sharing"/>
    <property name="stderr.encoding" value="Cp1252"/>
    <property name="java.vendor" value="Oracle Corporation"/>
    <property name="java.vm.version" value="21.0.2+13-LTS-58"/>
    <property name="sun.io.unicode.encoding" value="UnicodeLittle"/>
    <property name="java.class.version" value="65.0"/>
  </properties>
  <testcase name="testGetIndexResponse" classname="edu.escuelaing.arep.app.HttpServerTest" time="0.076"/>
  <testcase name="testGetFileResponseForNonExistingFile" classname="edu.escuelaing.arep.app.HttpServerTest" time="0.013"/>
  <testcase name="testGetFileResponseForExistingHTML" classname="edu.escuelaing.arep.app.HttpServerTest" time="0.023"/>
  <testcase name="testGetFileResponseForExistingImage" classname="edu.escuelaing.arep.app.HttpServerTest" time="0.015">
    <system-out><![CDATA[
HTTP/1.1 200 OK
Content-Type: image/jpeg

<center><img src="data:image/image/jpeg;base64,/9j/4AAQSkZJRgABAQEAYABgAAD/2wBDAAoHBwgHBgoICAgLCgoLDhgQDg0NDh0VFhEYIx8lJCIfIiEmKzcvJik0KSEiMEExNDk7Pj4+JS5ESUM8SDc9Pjv/2wBDAQoLCw4NDhwQEBw7KCIoOzs7Ozs7Ozs7Ozs7Ozs7Ozs7Ozs7Ozs7Ozs7Ozs7Ozs7Ozs7Ozs7Ozs7Ozs7Ozs7Ozv/wAARCAGQAqMDASIAAhEBAxEB/8QAHAAAAgMBAQEBAAAAAAAAAAAAAgMAAQQFBgcI/8QAQhAAAgECBAQEAwcDAwMDAwUAAQIAAxEEEiExBRNBUQYiYXEygZEHFEKhscHwI1LRFTPhYnLxJIKiFkOSU5Oy0uL/xAAaAQADAQEBAQAAAAAAAAAAAAAAAQIDBAUG/8QAIhEBAQACAwEAAgMBAQAAAAAAAAECEQMSITEEEyJBUTJh/9oADAMBAAIRAxEAPwDQIxRAURqicrsWIQ3gxiiAEIaiCBrGASL9MQhCUBCiCwLwpSjrLgFiGBBEMCAEBCEpYUQQCXINpYF4BBLEgEuSEhiUIY2iCCEJQEKBrEKUJcWzQCEJLSRGsby5AJIEuXKl2gEEKVLEAsbwpQliAXLtKhCBqtKhSrQATBMO0EwAZJcqBKMwcVxiYKktdqmUJq3tOhafGPtL8UVMdxmrwrDOVw+HOWpb8bdR7Ca8XH3y0nK6j6HwrxlwnE484T77TJqG6ebS53E9QLEXE/LmR891BFu0+g+AftDxHD8XS4VxisauEqEJTrMfNSPS5/t/SdHJ+NcZuMu2/r7FAaMi2E5ThTTPUj2iakmtsfrLU2mZ95qqTK+8jL468CjvJId5Jk6VySSRmGSXaS0QVKIlyGAUJcku0VQqSXaUdJJJK0lGASY4RlhIVEAGFeUQTTgmlCL6yZ/SCSjSPaCaZmjOJVwYBmySWjyBAIlQqURBIjSsEiayItKKwcnpHZZVpcidkmmIJpDtNOXSCRKJlalFNRE2ssWRGW2NqIijSAm1hFMsZbZOXJH5RJGNt6iGBKUaQpTBYjV2gIIwQEWN4wCCohiRTEJcglrvEBAQrShDAgFAQxJaEBEFiXaQQt4gghCUNJYgEhCS0sSaFgQgJQhiKCIBLtIJdo6a5YEoQhIprkAvJaFGEkkkgFy5XWFAJLEqEIBYlyhLgcSWJAJcAklpJcCVAaGYDQMMgkMsCBMPHMevC+C4vHOSBQpMwt3tpPz3gcPUx+IfEVbuzuWYnckmfXPtYx/3Twl93DWbFVlSw6gan9J824TTqUqCW3OthO3g/jhanr2ySthE5WiEbi/UThYrDsjHTbYz2JAynMLH9ZwuLYcI2ancA9DOjHK36WeD6n9l3ig8b4GeHYp74zAALcnV6fQ/Lb6T2rC0/OHh/jVfw3x3DcToEkI1qiD8aH4h9J+i8NiqGOwdHFYZxUpVkDow6gicnPx9ctssb/QXERUmhxM9Sc1dGH1mqTK81VJmfeRl8dfGT1kl9ZRmLpS8l5UkNmu8l5UkNhZlS95VobCDeHKWwkMKncXKMhlG8kqmkrLJKvGleSUaZhBpeaURJUiVlMcWEq6mCSCJRvHlVgsggCLyi0YacU6aysSoWeLapI4MUwM1lRozm+sgq+szm8G5mkqdNwqXEmaZVcw88aTWOkU0heAzRkptotoRaCTGQJJVxJGHREMCAIaiUxGsYoi1jVkmIC0ICVCWSBAQhBEMQAgIawRDAiCwJdpLSxALAhCVLEQTrCEqEBtJoWBCCyAQgIHEAhASAS4KS0KVLiqakIdJUsRHBSSSQCSxJLAgFgS7SoUDiAS7WkEuB1BJJLECQQgJUuBJJJJABMFoZgGADCG0qXA3yr7YMSKnEOFYIHYNUYe5AH7zkcJ5RVVqK1NrWLrrce0f9p9XN41RCLrToJp8zMnDMXTcLlw4DDU5m6TtnmEVx/3WyvhGQkj+onR6f7zhY2k+VlOoOo9Z6ekMXzrhnSn2QWE5/EloWqE0xmvclNCflNML6nN4nEUyoN+nSfVPse4+1fCYjgdZ7mh/Vo3OyncfX9Z8z4hy7k02zL3O8Pwxxl+AeIMJxBCctN7VAPxIdCPpNOTDti5MrrJ+kX1meoN42nWp4iktWmwZGUMCOoO0XUIuZ5mUdWFZKgmWpNlW0y1BpMcvjs42cnXaSXaSZ10BMuS0sCSaWlWhZe05XH/EWA8O4bPinFSu4vTw6t5m9T2HrLwwud1E5ZzGbro169DB0HxGJrJRpILs9Q2AniOLfaZQpl6XB8Pzcqn+vWFgT6L/AJnj+K8ZxviLFGrjsQwQfBSQeVB6CYmwyCzILC1jdt56fF+Ljh7l7Xm8nPyZ/wDHkdGt458R1axqf6i6/wDSqgD6T2Pgnxc/Fq5wONI+9WzK1vjA39j1nzZ6FgTNHAsUcFx7BV8xGSsub2vY/lNuTiwuHxhjnnhnN195lESzBJniPYiiINpZlCIJaSxhaSaRpARKtGWlFZRFk2lZowrAKQAS0BjeEVMEqe0YJeIaaWQxDIe0cqbCSINoxkPaBYyt1GkAtLlXtKzTSZJuIoJkzSX9ZUyRoBi3YxrWiKhErZaDmkiywvJL2NO0IYgCMUSmA1EYsARiyKa4Q2lCEIgMCEBKAhCAEBpDAlAQgIBdpcgl7xUIBClSxJC4QlWlrJAwIUoS44tcsSpYgBSSS4qmoJYklxHFySSxAIBCkEkAkIQesLpA4sS5UggNitIBrLFpIEuSVJALlS4JgEJgy5UAq8sbwesg3genyT7RqFMeNKlWowX+ghHrvOEqnDV6bBro8632l4hq3jAqEFqNFVJ9NTOYgo42kFRw4Ubdp344/wAJRjXe/wBRrclFREJtc3Ov5TkY/i9NxysVh8oOx0l0sK1KlmUqCuxM5eOxFUrlZhWQfErm+X1BmmGPpZ3xyuIJQAd6D5lJ1B6Tm9ZrrDOHZNV2tMqaOvvOhxZ/X0jwL4+/06lT4TxKoWorpSqk/D6H0n0ylxDDYpgtGqr6ZvKb6T82BiCDO5wPxBjeGVb0KpANg1z8QvtMM/x5ldxePJp96ZQ20z1Eba08BR+0qolJldAW6f8AMvD/AGjV6os1FPLofoZy5fiX/XRh+R1e1IlaTiYXxfhKzhK4C3Xf3Mi+KuFnibYU4hVyrcE7Gc+X42c+O3D8rDL747ZGuksDp1nJreJuF0SQcUjNbRV1JnivEn2g1sXRfCcLBoKdHq383yPSTh+Nnlfis/yMMZvbt+KvHuH4SWwfDSuIxmzPa6Uv8n8p80rV8VxHEVcVXd6tRzmd2NzM9NlDEuuf0vCViDcT1eLhx45qPLz5cuXLdPpDKRNqleWSxAt6WmfDLnOunrHMbWBFxLrWXwl6i5DYA39JjI/9UthqSLTXWyjbbtFYKnzuL4Wna+asi29yJN+I5P6ffFBFNQd7C8EjWMfc+8WZ4F+vXgSJUK8reIKl3l2ktBKryZpdoJWUEzSZhBKmCQRGQ9JVhAuZM0AtlEW1MSy8HPGVA1KLajptH5pV49lpkaiYs0jN5AgFVIgLGApaBqJsZAYo05SdMrNM1WpabXozBikIvKl9Tok1tZJjZiGOsk12NPYLGrFiMWbVxiWMEACMEgxAQhBXaHEYxCEBYwQIQhwRCiApY2lCFaKhJY2ktLkUJCWUBCAho9CEIQRC6xqXLEqWIBY3liUN4QiqaghDeSSI0liVeC1ULvHotm9JIn70kE4xAN4dae2jrI1QAbzDU4go6zFV4oADrK/XaXaR1zXA3MA4pB1nnKvGQD8UzPxkH8QlfqpdnrBjE/uhril/unjf9Z/6oS8dAIGaP9VPb2nPXvLFUX3nmKHGFf8AEDNlPiQJGsi4U9u8Hv1lk3nPoYsOuhEelYnrI1Q0WlGWLkXkMDB1kBtLtrKYhVJJtpvAV8I+0Cuf/qTGoSSTV8xv0AFhOXwZ0pYk1M3lym9z1jvHdelX8YY84Z+YhcajXUDWcmhzKQFSixOlyANRPXwx/g55yfydOpxeozVFJOXpY7TLVetUNloMAd7g6joNfrNAFHEUKZp3oOxAZSfLfuCNr+t/eVRwLPVCVQRc2JJ1+RlzGJuW2AKF8mpFzM9SkVqKvp9Z214bk1OUgCxF/ha1r+txr76Tn4rDk1CwULbtsJWkWMIQnbtGUwQDNC0wlMsd7WmZ/IxAOltZWtJ0N6hUjXcQ0rE3ZTYjeZSb6kyBiNiRF9DQ2LqaWJFoNSu9Z1ZicwFixMVcX11l7aW13gNm06zOxzOQx0BOyiMxdNcMvJuOYTdrDUeh9fSWn/o0GINhWb4Afwevv/PbPndm5h83uLySClN3sqrea6ODcsFPU9OkVTxdRb5Ta/1mqhi1BBqXJB66RWNMdOhT4cVCjQAjQ94GIochwp1HcTp4OvzaP9MZlvcBhcH/AJ9YrivLGC5hpBXBsLMZm3lcLFBQfKZt8GYcYnxlw9CAQtQub/8ASCf2nKqsRr1nsvsuwHN4li+IuulCmEQ2/E2/5A/WZ8uXXjtEnbOR9MlGXIZ4j1gWlWhGVEEkkktAkvJeVKlbJZMEiSVeATLBKQs0rPGQCkApGloJMASQRBN44yst4xtnLESsxjmp3i2pwK0svB5gltTMUVN5SFtUEw4oggzS4sJhxLaGOfQ5jgZzJKc+YyTUPZqIwCCojAJvtxLWHKAhgdZBrEKUBDAgEURiiCIxREQhCtKEK0QWsKUBLiCCXKkEkCEIQRLBjUIQrwBCgYoQgCGIFtY3hCDKaoEHrDVpGE2MBqyruZlqYwLe5E52J4goB800x4rU3OR1KuNRRvOZiuKAXsZxcVxQ2NmnLq49n3adOPAxvI7FbjZVj5pnfjrW0M4VWsCbkxZroOs3/TpncrXVq8dqXmWpxao+lz9ZzXroTEHEAGPoO1bauLqtrcxAxVS+5lLXQjWVnS8fSDtTvvDEbmKarUJ0Jlq6RqmmYdIfehoY6tSO5nRw/GnuASZznydBF3AMjLjh969lguL3UHNOxhOIhiPNPn9DEZRoZ0MLxIowu0wy4mk5H0qji1ZN4wYhTpPF0OPKigF/zjG8RUw1w4t7zC8NaTkj2PNTvOB4u4zTwPCatJGPOqjKljqL9YqjxqnUp576TyHGcS3E8a4Y3UG2mukfHx/y9LLPx89xeCy4t/OS5YnXS83YLBVXUKouw0Fhc263nbrUuHUCc6AsNBfzEnsBENjMPQOZNLixDaW+U9Peo5v7NwvDUyBWNhvZgLEfOJ4pVRUIpZUsbEDYylqY3i6ihgadSs7OKSZAfiOwH5/Sbav2e4ihWNDG4w1MSB56WHN8p6i5kW69rSTbywxxp1vNoOvrM2JxbVKmptbt1nSxfh4jFVMNh3rJiVuRh8UmRnHdTsZwqiurlagIcaEHcSscpUZbPfE5qWW2t7376TMTcyayWl/We0hADrB6ywdN4ocHYXvNWFoMXzZM5N8qnW8yLbNqZqp1jTU9QRbeV4cXifKSxGdh1OoHoIo47FfCKzKv9o0H0mxEGIp/EV97AATHUpU0uTcntfQe8mwUvm5nzPa5OpAnWwbUSNUVu50nGCkmwF4S1GpN5W27RHMtPUUlSjd6LZQw2XQfSZeIYl8QmQCy37ROAxdP7uM7guenaY24gwxDF7st9pFjeZQqumWoEsST0HefY/CPBjwTw/Qw7ratU/q1v+49PkLCfNPCGCfi/izC6E06T85z2C6/rb6z7MdzPO/N5L5hHX+LhLbmkq0uUTPOd4SJLSyZQMEpaVCkgQbSWkO8oxkhGkAiESZV4wEiCVMZeTSMEkGAbx5AgMogmlXkzQisEpAlGpKNTSUVi2BjAywMA2MA3lXIlEGqonPxVPQzc7zFXqXBjn0nJdPOZIxrZjJNth7FRGKIKiMUTSuJFENRKtCG0RiAhAQRDA0gEA1jBBAhiIljeGu0AbwxFQKSDeS8NAUkC8u8NAYMIQAYQkhY3hAwL2lGsBKmNvwXLRwMpnC9ZkqYnKDrOXiuJ5BvNseK1leSOzUxAHWYcTjhY+acSpxe4PmnOxHFSb+adM4pGVyrpYviWW/mnDxnFWNwCTMdfFVKrb6TI4J3m+MxiLLTXxztuZmfGuOsBzaYqrNmliRrOLY7mUcQCN5mXVYtgb6GB6aHresQ1Zr7yBGMJaAO8WhoVOsSN4fNbvLWgo2guhU6RU9DWq46mOXEC28zp6iNCKYJrQlcX1hswcaTHyyDpCVmGkNg8OUG8r7yQN4tjdZjqFlJ1ho2upjmGmb84tcU5a5Y295zqj9zFrUcm4a3rDqb2PCK4Wg7Ozn0J0l4g0adPObFiCbLf6QODHLw8FmDuTceomXidW4toOmgkTGbXPjk11NesSaultARf8ojlUAxsMx/ECb/AEmnNdM2XQHS1tPcTCDkq81iSuaxI1H/ABLD3fgWkMJXq46mnnweGNQWXdnLXI9QFsPnPLcK8VV8Ni8Ri6lepz8U5qPVzE5d7C09D4J8QYXh/E6eGxmVKNZOVUZzoPMSpPp5mB9xOX4t8C8Q4ZxiqmB4fiK+CqnNQqYdGqAA9Da9tZz42Tlvann7jLiycY8RcR401JsTVR61CoGpVABcexHeJ8ccNXCcUo1wADiKeZwB+Ibzv+D/ALPse2MTH8VpGhRpG9Oi9gztvqOgnE8d8RocR45WOGrJVw+G/pI67MdyR3HrJnJM+adfkVjhMeO7/t5NVzNaOeiEvftAoAmrpqekZXq6EDXNc3+c7Y5tMzaGUJe5h0qT1aqUkW7ubAesz/8AT1sEtSQbkkT11LgFPAmlhEp06uNqrmarWHkpL3tNmJ4FSw2FNU+IMHiWUXal93GUeh7SMM7l7j8Vlj0usnlsEzNYGoQD0m2rhkqoSal/+n4bwsdwxDw88T4eCi03y1qINwhHUem31mZMSr0lzLlG176X9f4JpjnMvi7j1+sdeiUbVQB0AaZWUg/4nQqoar5b5QD1Nx/PnFVcJUQaAW7y7NosZqb8ohjr6QNXb1JhVEK9bx/CcMmL4thsPVcIlSoFJMxz8Em7p9M+zbhJwnCqvEaq/wBTFHKlxsg/yf0ns4vD0KeGw6UKShUpqFUAbARk8Hlz752vd48JhjMUlES5RMzaKIktJeS8Cq7SSSWgQTvJLIlRpCRBtDOkExgNoJJh2kKiMiixglowrFssCqZpMwgEStYCD0MFlEEtaCWjPS8gMW1OEHlF5SWerTnOroRedSo+kwYixBjhOUwOYyRjDzGSak9iu0OLG0O95tXFBAxgixCBknowQhFhoQOsAYIYMUGhBoiMBhAxYYSZxADLQS8BqkU1SAPLyK1zM3MvDRjeGg1rDzACJRpCbyphtGWcgy2aKqKQt5L5dZlxOOVFIM6sMNOfLPZGKxS01NzPO47FqzGxjOKY0MDYzzdXEMWOs3GMbXxF+szu4JvM61M0Ij1gvRqgMYVSnYRNN8pjXrAiArDWuDM5AY6zZUsxmepRI1E0Y/2oUhbSCaBJiTVem0bTxQ6wOCyFJAReWavM2lZbGI6MAyxTJlKDaGGywIPLtLXeFmvLAB1gDAAVi2W0staKZ4yQtraZq3W0aGFyTMtar5jKhsdViW1EPC0i7Gz2PQQXvUNwJt4ayUm81LMx69oU49JwylWGHAbYDqNpg4nnYsVS6gW806IxgNICmANOs5vEGp5TcB2bcrb9ZmuOIahoOCAwX12Pz6SVKgBzMxK3uoJUn6wKjUC5AKqRcWZ7D8ohsLUfWk+a3Qf8y4VbFek7BXCordMwNv0/zPTcM8T8e4FRXD4PiFT7uVuiVlFRFHoW2HztPLYagUUPVAVr21/ms6udXXK7A6WBYC4PtIzwxy+wTcdPH+KOI8ZR14rxEDDKhd0o2phhtay2LHXa88Ti8RSrVgMPR5aKLZT+s7rrRFQki5vcg9/2nHxFF6mNy07tUqHVQuwhhx44/Dyzt+spUqucAgg7jSB5WuSNZ65OE0P9OzNS8wFvN+s83xHD06DnlMLZrTTxP9MIIDbXE63h/lr4kwHMACtUF7na85ABZrKCfSdmicLVwgZ6bUsSLcsqbbHeZ5y5Y3GDC6yleg8dYfFYDjNKtSzCnVprlI7ruDPONxE1szVXsW/3LG1/l9J7/Bce4D4p4SOGeIKowWIp2C4gnKpYD4r9D6HSY6Hgjw3gcQcRxPxZgMRhlNxTp1VzOP8A2kn6Tj4uX9eHTKexvy4987ljfpPh/ClvBnEsbWpZadZWylhuAtr/AFnjMXRajjqtFbBUJB10v1/Oe38R+MMHXw6YDhVDLgqWqEplzEbadFG9up3nhqmc1OYgLXvc2M2/Hxy9zymtp5bPMZ/RlOsUYLUAFtjNtLE0GGQqpJ18x0H5znEtVS7WUjvYRatUpnQ2H0M66xlacbQzOMippvYD9pfCMLbi+Fd75BVUsQNBrF1KpelfQ26gx3CgGx1KmxFmqDYyM5vGqx+x9wT/AGxreQ3lUQOQmXbKLS2Uz5zLGyvdmW4qSDrLEhSGQS9JLiAWLy7yAyjAITBkMowSl5Da0qS8qEoyry5REYUTBvLIgEQJCBBIkMG8CqykWyQy8rMIzJZDeLYGaCRBIBEcRWN7zHWOpnRqKJhrpaXj9Jz2+IyQ2HmMk2D1QbSEGERmlgmaVxtIaWGiAYYJhMU3I3NLzROsma3WV1Ls0Z5A8zipfrHJrIs00npoaQtLVIWQSNq6ktrFkGPZQIlmANrypLU2SKF41BbeLBFpRftN8eLbDLPR5qW2MNKgtczHmN9ZlxeOXDroZ0Y4SOe5W1vxWLVFOs85xHHAk2aZ8VxQ1bgNORiKzNc3mk0JiXi8Szki8yanSC9Tz6w1bW8K0iipSGjk7y3GZYgvl0iU0wHJXeJFYg6yVqoK6QGgVa2Uy6eJVzYzDXq+syLiLVN5bOx2alJG1iDQ10jMPWV0AvGlQdQYEyKGQw8zE7QmuDL0trAhpVC7xylHMyqqsd42wUaGAaMq2gMbGLVze0M6iAKqVLTLUxAva8011VUJvMH3arVGcWSne3Nc2W/7+wjIw1hkOsyNULvlUEk9AI9nw1FbBWxDdS/lX6DU/Ue0FcRXcFRU5an8NMZR+Uo1U8PiVcFqTKp/u8v6zt4OimjXp/8A7i/5nIoYddzqfWb6RWjqHHqLGTkHXcU6YFqiliPhDicfiXOI0UqfRhOk6U3wSVFrKHIvbKbj8pwqwQZmr40rf8K3LH56ScVSsCYTF8wuaTlVN9Nc30jH+8Bv62EKHs1Mj9RF1K1E2C16zW0GVrTRw8VahApNjhc2OUEj8pezLo5qj5VakuutyBabqKJTfTEKSNgagtf2jK70cIBbC1K9RhrznJI9SNZzKnFeZVzVMPT3/DpDYrr1jWRHdiAo1uNrb9J0OBYTC0cM/F8SxZ8T5aCkbKNz9Raeer4talHLyx5hp0InO+9YhctBqjctLhVv8PtBL1OI4gK2O+7ICq9TfacLj+DbC4gMbEPsQJmHEa6LbOdNLkXMTVxlbEjK5La316Qup4NtPD6GWqrAZmI2vteddaFGo4OZUI1JO17a+m8y4BeXRWrclr69LRteu6/1KDqXB1Uyi00VaOHsTlcE7Lba+3uJz35dN3GcADS0ocUUEipQCvfXzXB+UViaq5SEqC3Y7j5ydKlG9VGQ8vXqVBsR9ZmYoRcVCrei6/WZbsrXUkEbWgFiTe+sEn1Hzampcnc31gDXUk69ZSFr6tpGGncdB7G4lCLQkGxI17i02cEoVavF6C0wxbN0E5puDa8+ifZrwjD16xxNRKmddQXpgr8iZny5THFphN19G4dQqHCJnQg2F5pfDgdJupUAqKBewEtqQnjXF3zk05LYf0gmh6TptS9Is0vST+uLnLXNahANIidM0otqQk3iXOZz8pEokjpNxoiKajIvGucsZC15I16NooowkXGxUylVKk17SExKSUTJeCY9ksmCbSiZV4yQiAVhFoN4FQlYDAx1wRBNozZ2JlFjHMoi2SCazu8zVmvNNRJlqra8ufSY2HmMkttzJNg9IEvDFOOVBDCATbGbcWXhS04eSGXRYJqrab44ubLIqqconPrYoJ1m+qcyzgcWpvkYqDNOqezVSx6s9swnYwjh7T5zQx1WligpB3nt+EV89NWM5+XF08WT0SUxa8CqAolpWGSZMXiQAdZlhx231tnlJCcRiAt5iOI828wYzGnMbGLoYgOd53Y8ckcGfJa7CuXGk001IW5mbDHygwsXjko0iL6y/jL20niOK5CEieUx/EGrEi81Y/HmuSL6TiV7g3EG0wMDsBrF1WJEXzvLE1K/rA+qObGWjgmZXqXMum5BvGcjoq2m0zV9DcQlxAtaJxFUEaSV6AzeWZ6lYqDrAfEW0mWrXBM0kTtK1W99ZiLkNe8KrVJiDvKZWurhMX0vOgtdiNDOBQNjOhSqERk387XWGlRXFpjz3ENXAhoHsjKbiGGa0UtUmMD3BiGkLsovLo16laqKdOmXY9B27nsIuqrU1VsS/KpnUKPjceg/c6e8x18eaicikvKoX1QG5f1Y9f07AQDqNi8JSYajEVvX/aX/APt+nvMGLx3NqF2bO1ra9PSYmaJObNHIV8MNQk3M00WHQXi8NgquJp8zSnTBsalQ2Uel+/oNZrppRwr2y8xrDzVboo9gNT8/pKA6ZZ2y06bM3UAXmvCg8y1SpTA6gHMfy0+pEplXEUga1RhT6WARSf8ApHX6TVgnWmwTD0RTO2YjMx/x8pGVOR0BhRVol2psVA0z2UfvPL4ylTp1mv8AdaVrks92PyGt/wAp62olSmn9U2Lb38zfT/Np57GUq1euTSoovepVs5Hy+EfOQHOp1HqK3IStUXrUCBF/KwHzvNGCqmjXSq9Q1bHUK+cD3Oij6zScBh0Tn8TxTOV2zNp8gdPkAZlr8cw1K1LAYdVA05jC59x2+VozbeOVMbSQGmijDVVzKb/53+V559sSwA51IHtcAT0nMNfAct3BxBXMHJ8//A+k81jaFfDuVqi1tNoxQjFqRZk09IqrUFRgyrli7i0oG0e07FYtYR1GnlBY/L3iAehhZ3Q6N9DHNfQ6D4wUdQty3YwKL4eqVVKjUWJuc2omX7wWFnW8ZkpuAyEKW3AO0PoNxOErU2LVKQy30a/l+sS1CtSphjTcA7G11PzmzCrUYFKNRCzCxSps3tMNQYjCVWRg9Juq7RW6oLNxe8G8eMbV+Etp6gN+Rlc0GxalSqfLKfytF2AFbubfvNC5bXsCT1XpFZ8OTZ6LqepV/wBiJarh2sBWdT/1Jp+RlSheYFwMub0KifYPs+q4Y8NpKiMj9QGJH5z5HTwq5wVxNFv/AHFf1An0Dwdj6mEyUiVKm2qsD+kw55uNcK+vpsJZEycOxBrUgSLad5tJnnWOglliyI5hrAI1j0QMgMo0rxtpIDbM1H0iWpzcYJHpFo+znNT9IBpA9J0WS/SKNKK4yqnJXOehEtR9J02omJalIvHGs5nPNIxZFjN7U7RTUwZneNpjyysZEAiaWpCKanaR1rTtKUYBvGEGCdItH9LJglobAGKKwG0Lyi4glYLbQhWVTtMtXWMZjEudJcGmVviMkFm8xkmuyeuZ8szvisu8uu+XrORisTrvPQwweVyZt1TGCXTrlpyErZm1M6GHNwJvqOW210qfnFoGJwiuhBEKi2W0dUqArDSpfHlcXwhFq5wvWbMFV5Chb7TVjHXWcmtVy7GK4bXjlY7g4jlW15lxGNzqdZxRWdusMMxk9JF9rVYhyzR2Bw7s1+kzm4bWdPC1URBqJSdOkjilR1PSef4ri7sbNNWMxwyEAzzmLrXJJMleOJdXEm+8U1a41mWrV8x1iTW03l9ao2rUtexmR6xJ3lVKpMzM5vHINnir5t5pSopFpzCTe8bTq2O8ehtvbTUGZ6rnqYXO8sz1ql4tGTUaZXaHUcxDGWzyqiZRkkiZG0jYzYjC0wLpHK5tLio2CoO8YGB1BnPzmErte4gHVpvp5tBDOO+7/wCwgDf/AKjjM3y6D9fWYqVbSxhkqwhoy61ZqtQsxJLakncxJUXvDdQpg0qTVyzFhTpJ8VRth/k+kPhApLXxFYUqNNqjHZVE2U2wmFa1UDE1wfhB/pr7kfF8tPUzPUxaZPu+GHLo9Sfif3/xtBp0M58sX0OgalTFEO9TPbRQNAo7ADQfKMU5GDFVJGwK3H0icJg6rs2QhVSxd20VB6n9tz0mp8WmHX/0pYMN6zaMfYfhH5+20ewY1PJVH3yoUc/gGtT0uPw/P6GdXBByl6SilTGjPf8AVu/oPpOKaaYVh98UvWIzLQuRa+t3PT2Gvcjr6bheCqiiuL4it7C9LD/Dp7D4R+Z/OTRBMimmXYqKC/FWq3yewXqf5acbinF0ohlwFPzWtzqq3Y+w2A/lpr4vimxFbPX/AACygaBR2A2AnncRU51YUqSguT7fUxa2bmOMVjcV5y9Wo39x2H7CEalDBgCgRVr9ap+Ff+0dfc/LvG4zFpTpnC4c3U/7tTrUP7L2H19M+HKUR94IDuuqL0B6E/4iv/ia7HCnTCrUxmKuxoDO4PVj8IPqT+5mDGYo485mWx6W6H+fpM1fEscMuHve7cyoerMdr+w/UxSVmToD7wl99OUDKVNoMdn5j3Ol4DCx0juJAvLvLy9ZVoasIa3bTe0bTWmagFW6qdCR09YhWKMGG4j3F6YI2YfQj/iVvwHV8I2Gs48yixJU/Qg9QYa4ljQvXQYmhexvoyH36fpJgccFAo1yOUbgEi+UnfTqD2+cDF4WrgH5lPWmxtve3oe47d5nfTDVwKVFNXBPzk3KH419x19xMUarmm4qUiUPSxmnNSxovUGSt/cOvy/nzhIGLMT6wlsZdWg1EjNYg7EbH2gbRy/6TTSNm81jPQcExv3XFU36Azy6sb7zo4StYg32jy9i5X3bw7xali6C5e09Gt2Gk+XeBcZVZgocBR3n0/DtmUEG883Oarpl8MynrKyiNGo1lECRs7S7CCY0r6RbA9jEWw3lGXY9jJkc9IDYZREPlv2lcpz0gWwEAiKZAZp5D2lfdXPSBsTUQYh6U633RjJ9zN9o5dFtw3pHpFmix6T0P3EdpY4evaK6qpnY84MIWG0o4Bj0nplwA7QvuIHST0h/u08k/DXiX4dUE9icEO0RUwa9pP6lTneOfCVV6RD0nUaievq4FbbTFVwAPSL9TSc7ylTTcTNVaelr8OH9s5WJ4U2uUQ/XYuc0cNrZjrJNTcNrBjpJDVV3xegxtBspnmsaGRzcGe+q4XODpOJj+El72UT0scnk315anUE6GFxA0F5nxnDatAkgaTAtd6TWIm09Z3x6qnXWw1lVsQAuhnEoY7TUxz4pSu8eiViqpJOs5tSp5jcw8TilF9ZiNTmNHFxrpMCZpWw1iMJSzGbXo5VkZVpjGTEvYXEx/fHXS8diH1InPqMCZntt1HVxDuN5gru2sbUqhQZhr1ppjE3wmo5mc1TeE73iGvfSaoNzXi2lXIEq94j0owbkaxh2iy3SAFzbCCz36wGi2aMrVVDcxR3hE6wTFfjK1UsSpYixIxRGDaDTF44U5oqAy3lEFYz4TFu+bSLZyK5hjadRr7xGUmEPLHsNAKuSajZaa/EwFz8vWKxOJ5+VEGSinwIDt6nuT3i6tUuioAFVeg6nqYrW9okjUZjvOtgKKrT+8ViVoA2LdWP9q9z+g36Xw4PDob1sQStBN7bsf7R6/p+RfVr1MU63sqKMqINkXsP5rGHRr4z7wAioFoofJTU6A9z3Pqf+JRdcAfK18UPxdKP/APr9PfZFJzglDgnnMLqP7B0Pv27fMQsMBUKhUvUY+U9B6mGjbuF06WGqfeqyc2qDcBj+Lpfuep7e5FvT4TEVMRTapUYlmuTPImt51ShoiaIT111J9TvPT8HIagM/mPaLL4VunG4/cNYaDvOBVfk0CF/3HHmPZeg+e/0nquO4VLXINrE27TxeILCo2YXv26RY3wM76m8o1GyZL6dpGgycqSX7yXlSSdgStY3ls+Y3O8CSHbQMzeW0q+loMkruF3jaT3Vkvp8Q9x/xeJlobOJPYJexI6GdLB4xXonDVrNpYFjYEf2n9b9JzDvLBKkMDYiGw0YvCnDtdSWpt8JO/qD6iZr26zfSrrVp5KilkYeYDfTqPUfppMlaiaNTKbEWuCNmHcQM6niLqQyhgfjXv6jsYutRCqKtM5qZO/UehiQSDcRlOq1JrjVW0ZTsRDeyAJoonpFVEUEMmqNt6eklNrS4ce68F1S2OWlzAiz7dw3CMcOpDXFt58G8EMzcYpKlt+s/RXDaRTA0g/xZROHmn8m3bWKLhO5hjCqN5ptJMuie9Z/uyS/uydo+SHQu1I+7r2EvkL2jpUXQdqScOsgoAR0kOo7UrkiTkiNlRaPtS+SJOSI2VAdqAUhIaYEKUZI3QhRIVEvpKvpKhlssUyiNaKaAKempG0RUoLaPYwG2gGKphlI2mOtg1PSdN9olrGVDcc4Fb7STqZRJHs+yhbaC9FXG0IWMMTRk5WJ4eHv5ZwuIcEVgbJr3nsgt4urhkqCxEcy0HyvGYCvQbyg2E57VqymxuJ9RxPB0cHyg3nHxHhuk5N0m85IHz6rVqsdY3DMSdZ6fE+FRqUBE5dXgtbDscoJtNJlKDsIDoRNlVwEIMx4YvSUBxJiawtM8vWmLDiXGc6zm1qlidY/EucxM52Ic5TrFjG1+ArV79ZirVINVjm3iWN95tjGNos+kJBcRQIhB7SihpSLYWlipKL94lK6RbS3ftFM+kcFUTFkyy0WTCssqhlSSSdoXaQCQRiLeVIBUiVjw+kAILSzoIVpAuYsmExgmB1WeCXvKMGFumdXePw1HmsSWy001drbCJRSzhQLk7R9eqqoKFI+RdWI/E3f9v/MWyOq4pcQwFsiJoi9h/maMOKdOjz3F1Bsqn8Tf4H+Jz8PS5rkMbKBdm7CHWqPWfTyoNEXsOkqG2LWWq5Z2LEm5J6zoU6fLo5vx1lsB/an/AD+nvOVgaQ5l6l8g3A3PYTr0wzk1azC56Dp6RmuitKm4vcntPVcJbOoyplA62ni3xq0atwNu89FwDF4jENmayoNhGnL46PGKYeixInhOI0jWrFaaWCz6Lj3OIwzIihiNz2nh+IrkqlSdRvJgxeedcptAj61NgxJETsZOUOqIlS5JFhKkkkkmkkkkQSWN5UsRwId5OkkkZDpMQ2hIO4I6GagVxFDJsb+T0bqPY/rMQNjDV7MbnRt5U+AFrSdLR1YZgKnXZvfv84mKQGUntdW+Ft5MpV7HpAA1mhUuoYm5G49JpIcdrwziThOLYeoHK2caifpfg1cV+H025mfTe0/LeDNnuunafavs18RCrhRg69W7KbamcnPj72az2afSZJQNxcS5jtmkkkkYSSSSIJJJJAJKlyoqaSGSSTYFGCYUoyTgTAeMIgkXgoowHjXGsU41gCSNYDCNYWMW8ZkPEtNDjSZ30McKhkkkgllVjGq0WohjealDVJjBrBSxEu4BiBgQNKOHU9JasLS+aB1iDLVwatus52I4UpvZZ2TWvKFmEctN43G8HYXss85xDBVKF7jSfTq9EODpODxThyPTa46TWZHLqvmOINwZyq5IO+k6fGVbBYplbRb6Th18QrbGbYRrcvCarXaJZpT1ATFF5qythgOsu8UHtLDwGzw2kFiYKvaU7wG0LQGMotBJhE2oTBkkk2oSWJUICGP0LC3Maq2gJvHgaS1SKEomGo11kcC0S4UYDSzBaBUBlSzKk1maDy0uPibT2EDc6yi19TDpkKcxsbbA9ZU0GwstGjyQozHzOf0Hy/U+kFWTtM2e5JO5l3lqb6NRQQZrOIDU8onJpMS286FJRYGIENYPdtbT0Ph98RiankBAG3acdMOKuIGYeW+s9NgDkpinhxkAG8ZV0q+JFKmaIbNUI1CzzOLwFSvUZ2NzfUCd1aIVzluajbyPhQlEipVsb3CrJEeH4hSag2Q2AHQaznMJ6LiVEVHZaSX7sROHiKbI5DG9vWO/DvxnklkaXlTK+JSVJJJCSSSRGkuVJALlSxJGSpfSVLgDUa6WPsfaLIsSO0imza7HeFUGoPXrHL4YYaOUYGL2hKTeVL6HRw5A0Bted7gfEXwHEaVZahUAi9pwKTf0hpqJtoMAQTFnNzTXF+luBcSo4/h9JqdTO2UXnUnwnwr4rq8GdUN2pX77T63wfxLhOK01yOMxE4bOv0sp67ckreXBCpckqAXJJJGElS5IqFSSSSaaQL6woNrkyDiZrm0EnWVbzGAW80FLZrtBbUwb+aUTrAKfeIqHWNdtYhzdowB4iqDePfeLcaxwUrLJD1kj2hgVo0HSJXaMBmgMV7SmcwchlrTYwC857y/MYQo94xVEmgpUYmHqseFEFkhASxuJhxqZkM6LU9IipRzaGVDfKPG3D2ymss+eOWBsZ9449wlMTQdWS4Inxzj3CXwGLYW0J0nVx5eHZ4415LyEWMqabrJd5LyWkhuhd5LwZIbApRlXkhaEkkkkQLjEAMWIam00hwzIBCBIgq14fSNUXzLRbVCZD1gGJSjKMhlGJNqjKlmVFUJLEqXHAu0KCIVpoDKRsZ0cO+gnLU2M24epa0FR0/hXb5zt8LqJ5UvqZ5p8QStgbXj8DinSsqo3lHxMZNOvcqiUKRKfE27GZ8SiLS0Qi+53vEYfFLWVQj5j2mivSatRY3OUDvtILTzXFKq0qdqYW9iST19/8Ty1Zi7ks+Y9Taei4lTLFhqemaeerLZjK2dKY32GkGWYMzqEkkkkhJJJIjSSSSOBYNjDrZeZ5PhsD+UXJH/RCC3Gm8qSGSrm50Jj+gAjHJKA9D+sAoRLQ3Ur8xHPPAGHTW5gRie8c+nG6iG08ukcpIIB6GZqdVkFgYa1mJuRHY1njuYRhYGel8P8Xbh+JFibEzxuGxIW0308Xdr5tphlhtW36F4HxNeIYRWDXIE6k+dfZ9xSkmHC1agudNTPoisGAINwZyzy6Z5RckkkpKSSSQCSSSQCSjtLgnaRkaibCCraSzqIDCy6TNSX3MUo1JjF+AkmIWqtjrGYhqbwTq0WMQi38wi1xaZjqIDQ2+KKb44L4xCb3Ey1ccubQx6Npdhmi3cBpzamP8+hmatjmvvLkLTsmoLyTg/fX7mSPqNOgLCNUraMGC9Y1MFcx7RsnMJasSbCbVwSWj6WEpp01k7DngnaxhClV6KZ1UoIDewjgqjoIthzaWCqVBc6TQnD/wC5rzcABtLhuhi/09L7mC3DEJ3M6EkYcvEcGp1aRUan1nivEPgFMZSa6FidrDafSZTKGBBF5Utg2/MfiDwTjeFlnRS6DpbWebTDVMxVlII7ifqji3BKGKosRTF/afNPEPgxFZ6lOkFbU2tN8OX/AE9bfJKuHKJeZp3+JYR6LNTIsRpacN6ZViCJ0y9ptOU0CVCK6SAEw6+pDJCyyiJNxCpJYUnYSFSOkAghiBYwgbGVDNUWjLiKDaaSBu8aoI6xZEstaCWi0LVSjJeUYkoZUkkn6SSSQhKxgWohineRRC17zQ9BKZesOm1oOvWDe0RtHMBU3ko1GJCqbTMXkVyDcaQG3tuD46hRpiiLZm+JhuZ6JVz0bk5UA0XrPm/D8eMJUFS5Z/XYT2fDMXUxlDzFsjakjdvSZ5w4DidEWORVYsLKoE8ZjqXKcioPNfUDpPpOJw60sOxqMtIsNz0HoJ4fitOnVxB+7AuqjzORoIsV6efYdhBmirSyk3OsQRHkzs0GXJJISqSSSIJJJJEaSSSRwJLlSQ+BctDlYHsYMuUS2+I22lrBvLEcM5WIhiqRvE36SaAXl6VMmoYkrCGObNpoOswk3kvFdDs9h4b4vUo4ulaoVXNrrP0JwHGJjOG02V8xAF5+VcJiTScG8+//AGWY9sXwghumms5ObHVlaX3Hb30kqXM2SSSSQCSpRYDciIq4ynT0vcybT00HSKrVlprcmc/E8RYmyTFWxLsPM0i+qkdZsbTCXvM1XiShdJyubpqYl2udI5DbqvFWykAzAMZVJOsWqsxhrRa+0rQU1V98xgZ2/uMc9Gw1MSyFYGBncDcwPMRcxhvbUQS2lgJQJKkmA6DcmOALG0VXBWAKy+skAMbSRh7JbRiWiFYbX1j0sNzIZQ5TCG8Wtt4xbGIzUMOKXSNGsVAoQ2gQgRFAuXKly4EkkklEozncT4UmOosLeYjSdKSI5dPjHHvs64vVx71MPSV1Y95wq/2acdYHNhAOxuJ+hLCSwmk5M5NSi3b8vcQ8GcawQbPgajKBqVW85NLh1YK2ekykdCJ+sqmHo1VIqUkYHuJgxHhzhWJQq+Dp69csr92c+iafl2hwvF4upkoUHb5TucP8B8Rr1AayZVn36n4R4XRN6dEL7C01LwbDIPKo+knLmyp/xfGKP2fouW92PXSdBPAWGC2NEk97T6t/pVNWuqgSNgAPwzL9lPx8qP2fYUgk0rfKYK32b0WuwDD2E+xHAq26j6SjgF2Ci3tD9t/09PgmM8A4mk5FEkj1E4OL8PcRwzlWoMbdRP0hiOEU3scsxVfDlCqp/pi57ia4/kWFp+aquGrUiRUpsp9ooqRP0FjPAuFrKc2HQn2nmMV9nNIVSwpEDtaaz8iX6XV8jlET6hW+zpdwpHymOp9m7EXBI+Uf7sRMNvnUk9y/2dYlX3NoC/Z7iWbcge0JyYl0rxMIT11b7PseKlqWq97TDifBvE8O1hSzW3sJePLiXWuCvvCG/wAU2VeD4ygf6lFvpE8gofMLe81llGixa28W51jGUDYiLZbQopcu8hlSEm0BmrKtr3NrT6dwKiMLg0YopqW2M+fcJw71MUrWsARrPpnD8O70gL2W1yT0EeSsWDiVGrjM1Mu1QNo79/8ApUdBPP8AEcN93pimhHlNmsdAe3qZ6DjOPpYROWli+wXpf955arVpirzcQXZjsegH+ZMaRysRTJJvc/KZKlLKL6Tp1VYhqx+AbBiB/wCZzKhZr32jGWi9LG51A00gy5Rk1kqSSSIkkkkioSQSSRGuVJJHSSSSSMJCEGFKx8C/nKJlXlR5ZBckqWJEBtEXYT7b9kOLFLBvSY/inxXDL5720n1r7NQKdJnvuZnzf8t8f+X2PnJa+YRb4pFGhvOdTq5kFpb5iJyep6tX36+wiamOfXWZ8pMrlXOsD0F8U7N8Ri2qltY40QIJpCI2ZiSYDAneaGQAaRZEYZihvLFONMoAxhaqFkLAHQSeklowB9TFut9o1l6xV9YwUw6dYS0gtMuwl00LYgX2EZWHMpFVMYY73YlYqufLqJZLU2I6TPVrtUsIAFvSSCajg2tJGHrRlQ73MchU6tM4GQ+XzGMVWvdzIZtKtewVbCOWy7bzOrljlHSNVggudTEDVudTGK0VTe42tGb7QoNJvtLWCosIayQuSSSUFySpcqEkkkqMLkkkiCSSSoBcqXJAKkteSXDQCRKyiHJF1h7LZdNoOUBdBGyGRcD2Sqre5AiauHFRr5RlmrKN7QHVybC2WTfD2w1MJTZrKuntBfD0FTLyxf2nROVfL1gmkgGYxbp7cz/TaLLcoNfSEnCqIGijX0nQWmGGbpDWxPtDtVWuavCKKm7AfSIq8Gw4BPKBvOuzA1AJAQzWAh2pbeWr+GcM6s7UlN+lp57H+AcFiyzNSC+wn0lkDEA7RVVEzBf2lTOw9vh/FPsuqli2DcqOxFxPK4/wXxnBOV+7tVA6qJ+lMUirSyqgJPpOfW4dT5RZkU5vS02x58oOsr8v18JiMM5WtRdCO4ihP0BjfCeHxDtUqUFIPcCeF8QeBBWrlsFR5duw0m+HNL9Z3D/HlOCLastR9l27CfRsHiFp8Pvt6meBwWDrcNx4oVqZJQ3JOg+c9UuKeoiBQBUceUdpvld/CjHxLlGqzqA1Q6kt09ydpyPupr4gJmzsutRuijt/xOnj0DVVw5NyTmqHsB2mXH8Qp8OpGnRytVcaKOnqf5rIXHC4iRzuWg0Ua33/ACnPYW/D8zOvWSph6OfEMEqOLsu7a95yta9Sygn1MufBSCdZHcu1yAPYWj6i01Sw8xvvAq0jTSm7DSoCV+pH7R2M7CZLSSwhIv0kRKpULLKtCyhUkkkg1ypJJRJJJJJ2aSSSR7CSSSQoSGguwECMpAlxKxE+uhSpBaYsJ7vwLiWoowvsZ4mkf6YFp6bwmz/eCBtI5fcXRH1nCcROUXnRTGh1nmsKDywbzdSdhoDONWnbSuDcmElQPe05K1WQ6maKdfKLgwRW0m1xFOzCLV2qN7w1p2vnMRFmqwGsWanW8CrUYHbSVTBqC1rRwKLG+8MEsPaUUyHXURy5cugjAbDvLtcygBeRh5dIALdohjZrRx+GKa3WAJz5al49W8pZdfSZnOU3MV98Wi+ubKfSVCDjKbo+a1lbp2mIk9ek6DYlKxOoz/hB2mOqgsFFy172jMkkgkSQWSoWPlP0kgHrg7JYKLn01jkNkBc6+0SuijQXMMaZSVZidraWkoh9NmJJtlHcx4dCcq6tMtKvmB5iuFvYXH+IxXszBEUk/wBrftETUpv1hK/msNZnut/M5uNCB0j1sPh0Fr6iKhoBFtNYVxFIwXrqYY7yQO53lC532gcy75FI9ZbMdsp9xAGSXlfCN5S3PUEStgV7dZJVsxuRttLEcoQSSSRSEkuSSVAkkqSGwuSSSMJKlyoghlySbwCpLS5IagBy1z5usjoGFjtCg51BsTIuMPdVlyrlA0g6Lou5kqYiko1e0B8VQp0w97g9QJFx98VBCmBdm3hLYLeJWvRY3NW9+ltoD4uk1QoCQBoTYw0f1oRibmwlUwWYsbfSKfGUaaWQ5h3Ai34lSC2VGJ9oaHrSqpzCb3P5TMc1bElfwD0iqnFOXS/pYdmYnYm0yDiGLqK5utH3WGjkrZjUVwEGUet5yeIU8HhMMc1RC7djeZMQmIs1Q1iWac+phjVHnuT3MuTSnmuOYDCOrVA3m1N7Ty+EepRrN57vra50UT6DiMJSrKwIuu17TynHcAMOM1KmLek6+PLzSdOPicQtI2DsalQeZttOw95h4fQWriamIcg5DfOwv5umnW0qsxeoTXbKLj/iNdlpYJzTUqX0phjtf8X82m80THiFrcZx1UUWtRpfEx2A/cmKxFOlh6XJp6H8dtfkT/PynRZKOF4dQo0yLfHUY/ibpf0G/wA5yalN6jGmlwL+du3pF/Z6YmKlgEUnTWFUDVaNFCP9tSNfe/7xrUqVIEKbkXuf8GJvmvlv631vGXX/AEo0wh1sfnCUkBsux0IlhAdzLU5LgHeUXUAFoLLaaVNMAFt4wLTZdBeTs+u3PIlTccGanwaH1md8LWXdD9JOURcbCZIwUKp2Q/SaqPCcZWAK0zl7yS1awyTsr4ZxxqGm1lNri/WSp4X4jTGqCLw+tcaSPxODr4V8lamVI7iJtHqpVJJJAJNeCRXq2aZI2k+RgTceolYifXZ5HKW5Ok9r4T4eppCvlIzTyOCCYyrTpZvISBcnpPqvB8PTw+EpogBUAWMx5bZ46cW2koXyjYTShyi4i9AQct4akFiLZbi4nMswOrMAxtLNUKbXFoo07gdT7yuSD8UCsaqVdgbhpp5pPrecwUxzFIJAG4mkVGsGIIENJ00k33Eq9mA6RS11YG+gHXN6y8gdS9OqCOuu2m0ehoRII6/OGqVNCBoYlVcqWJBO9r/z0h52RctNzbYk626afzrAtDJsLmUrjJvMo5ost79j3/mkOm1xvoBvAjb30BgEA7jYXlZ/NlIyna/8+f0g5jmKvsR5h6en86QNmqF73OnYAXtAqjmLmupIvbMI812pg5bZiNB77fqJlrMVqFhdtdr6HU/sIwzLTtVtWSyj4jtpL+8o7OtVMgBARr7CG5NenfMSQNh10A/eZ6tgSARe9+/Un9hGB8nF3OWshF9DeSY6i1A1g5Gg/SSPQeuwyJTXMzO5+HM4NzCfk1sUt1fmDYqScvv2hBtVGYWI19LdIxDbRWz6fCBJ0ylMANrJe1tDvb1jUYpTurKzWsSwteIBNPQVEX5WjFFJiGqVFLDXzDb2gDVp1DUNQlTT2IK3+h3jld6gsoHvvFAlmUpbL6NYW9o4u2W1OmQ1r2YWEQPRVAGl26+kIWzWJiBWqooIVGve/mtb/MaM1wzAkn10EVgNuBsAJFVM11tf0i0LE65tO/WQuV/2kzehNj+cUhHyRQDkgl7dxaGHucutx6R6ApCwXcgSr2Gusm41EcApJV5NDGS5UlhKDIDlDC46XhoClQTUVev01k5gv1h4Y5IHM0J2t0lF9DdgP2huFoeklxMwVPhZySD3EEuKZ0U372O35xbv+HpqLi1xr7QTUIvZSTEK9Zjm8pXUeURDVa5qa1lGlwoFors9NuZt7AHrrBbcNzG03t1iUqpVpks2TrcDU/zSZc9FgQcSGsQTdiMpA6fz1hoNvNpqSXZlv3MVWxFJX2DNbTzd9JjXDlQpGt9l21t07f8AkwGwxdGatUBAOi7fL06DvaIzk4hhqikKEZgLgA6H+Wlvj6Si7WAYXsouP5+0S/DWJLs2Yi5tsT/NvT5xq4UMGLnMdjlO57whkDH3zZVtbe43tDXF/wBPMc2U3tfrbXT1j04dRAR2Ld9DoD1sfWQ0AbEeUra5QXP8vHobZK7UggcMVQ9xv20isK966nkDJp/UqXIHtNFXh98TZtVtfM7ZmJ7ekLlWpLTQqCFJW4va/wC8WlbGaa061V2TMG0By6r2tec9wcVURlrksunLY2PynUrmpWw4ABBW2ZR09ZiqUUo3DUlfL5mN9SddvpGCjRD+UGzDoRY/OZq+EKuLXDeg2hf6pTauKX3J1TUFkJJWbG/2c4YVkXdl/D/3dv8AiByuRXwliVsDfqPWef4tgAEJK662zbT2lZKbU18uYMPXS+2v0H1mevw7m0grBSNbAj53/npKmV2HxfiWBNKuKhpm41ynaY2oLiKgFaoQg1IAtpb8h6z6Zxrw594onlEAjXbX+fqfSfOcdg3wOMNOuRSQG5J6/wCZ1YZbLQzgmxQOIdTToiy0xbVh2A/nUzFiEqriDQwdAt8v3noMPxHDNT/oggKLPVtqfQTdhuGUAinlheZqy339CevrLN4SvhalMHmAMfxZdge0TUpLhkAf42N7dQJ7etgqdevVrFRyqGlwNM3Yes82/C6uNrPUKFKaklqjHVvS0cocLRjrp7RbNrYbTfjsKaDctFI1vc9RMBUgymeSgTGpVyxdiOtpRU36xUpbGxMT5gek7PD2wmJvzCc+wE80py9Y6nXNJgytYiLS5k97g+DUMvMajcW0nUwvC6aJmFHIL2sdyZ5Tg/icUnWnXc2PU7Ce6wtSljKS11qowGvxaiYZSxRJwoVkqgXsb7biGaCt/U8oG4v1m0YV9KTbWsGJ1N+3zv8ASStTpLh0CIclO4BvuO/86e8zG3z7xwERaAFMBqpJJ7D/ADPHNvaew8c1A9SnYHykkFhY+nznjibzpn/LHP6kkkkPkQqWJUkXwz8O70KyVEbKQbgz7P4exZxnCqNYv+DzEWOvynxak34G2M+j/Z9iuZg62Ga39NhbW2hk8kmttuOvbq+VrBz9N/5pGJXLG53t+e//ABEJT5hFrNc3uL6jT9v0mgUbHUDNckn10/yPynNpqfTIJVs5W5uGO2+h+dwfrLZiVFqeuwzHftf/AOI+sgTKuRlA18xGptc/tmPzEgby5rgMM1723AJt73c/SLQWGBvc5lAOlrXA139tfdhKyMxIaplbNa+uhuBv7n/4wVLMeWWygm2oHe2vySAKjqtsvMbJcD8QIUsDcerDfeMGKUdbvYaaMCNRr+wH1hfeFaowIUMFIACbaLp66tEEqXKDzqbouX4vwqL/AJxZekjkM+T21ygtmv6aL1iDbzPMMq2UGxsLi2Y/ssVzwKam4+EbG+tr/qZlerVRLGmSMvlOa1iFJ0tre7dZS1XesyuwcM1mQDLcFgNffL36xpsbGxKq4DAG5tlAv+IAbegP1gjEhghGYZluDb/ubX6L+U5/O5KHJdxlHlCbHKST7eb9IYZslzUC5yb5QW6Bbfkf4Yi03pUKgW2JsD8wv+Yp6uZM5uCBe51voT094gVipz5vOBfKTe51bfrbSVzN0BbextuB5R+gMYHz76ZmW5Atew3A/aIasUUC6q1rgd9CbfnI+IIUMws1s1yBp8TfuJapTQXJ0HlBIFtLC387mPQR3UHVSQGtcnS2b/AH5wLlUGci/cddLb/OaEqUh5srv3t07b+8QarNqiKFGm+Y294wWwoOxZ28xPf/AIklcuqdRt6SRk9NTQlc1awsxspbQD1tvNCVVylnZU7E6TPdjUyhBYaZv8Rrm4PlWw2vteJkYr8whuYpQH+3SNapmAXOhzHTWxMVTDKoFkI3vCU01AdlBINwLxBp5uWn56YIvYZfWOpErTLOCpJvYazAuLw+fOykNa8KpjKga9K5BFrX2MWg6Fyzf7lhfYC8MVaJGrqRsDOUuLcjIXKggnexgc2ipJZmqspvZYaN1mxdGmAMy2t0MUOJBh/Tptrf4jOVWxlOlZci2UaXJP5Q14kzqSFWmALi51MWidMY6uykChmtp5TY+9oCY7GsL8gLvodNvWc1cYXchM1rdNB7zRSqmoQmt979jA9NNXG4425dJAxGt2BtGUa2LZL1KqXNrWH/ABEEnVlqKSCfKNT8oVN3B2HvbT6RK01rWdR56nMYk2strCA+JN1ZCWH4sp2i1ZXAa23z/OWi3JJJ019oFoT4oghbA9yO0GpiyzWQWOosbXlMr6OigZb3C7k76/zrKpPTKecGmoOUG3f/AJjGgVMY4+Fra2JJ2sNfb+X7QDiGZWytsdQb3Hcemlva8JlpKzGm4J00IPTpeCqi90clgR100Prpf/zDQUuKrBPLmNyTY6bnS+9v2Fu8qtXqtZs5B10XVltf+fQbxjYZvNamrKTqAL2ub3H6+5vKFNyodTlsDZhv/nQd/cwBWY1dFZ0cm22v5/y9+0BarVGBR/I1lW7aXv073tYW6XM1mgS2ZSbg/Dm9Onyv9SYYwyP5xTXPoRa41/n5RAg4h8Qqg1WZSvwhbBvW/wCe+gHrKViMumRdTmyixN/n0t9QJs+7M5udDoQQLX9/52hLhCACAb3ubm+sZbZ0Y7qLAaEWuSff/npI66ioKnmGozHQ+p/XvsJuGHGtwLdBCCKvqe/eOwbc8YViTkZ7juzEg77/AD/aOXDkjK17MNiL295qz297bRf3gcxQB5Tub7ReD1FoPYXIFySR29f53jMtNBY5R1g1M4UFfNbQjYmCoAQ8yiov65o/IRmZLWDjToDBbLa+hUDodYL0w6i7dNToICUKVPzJmudLw2eiqnLLG+rX0B39bd9IsVKakU10N7W22PT9bek2cmiygMA3qYBo4YtZrE2103/loU2dQdDfLl08p1GsRi6QrkDlljaxcHbtdfrOgOTuFJvueokyUSb5LmxuN4g4g4dXXzK1M2JPkPf+fnN/DsFVwrsGUqGB0vcH1M1ctGa4W53+fvIaIYW6Aw8G3NFOpTLrZ2cNqQAAO+svLYEux+E2I3BH7/8AE6DURcXbToTFvhNCCdL3AB2/n87xSHtzWoLUBRcrE+Uqx0GvbqLD6D1nlfEfhfC8Twr50bMB8dtQbE3+Wlx1JAFp7Z8Kyi5BIA0su1v1GgHtp3MzvhGqizqXUEWJGot1+uvvbtLxthyvhdbC4zg1QYfE08qk+TpcfL6H6Tp0eKO2FFny62zkdO9+s+g8a8L08fRenky5hYZl+AAW0721PrudN/lnF+BcS4BiaoxtOpkc5Uqot1/nv8p045TJW3SfGK1IUkuaZFxfTMfQdu5ifu4aqiVWDVHbyopsB7zkpieUyrTYADVqjnU/4mjC48VK2WkrFjqWI1+Xr+kvQpnEuGUw7KGuxv8AKcKvgFo0rqh30Jnq8KRiLqFFy1qlQnRfQdyInitOkcLaiqlD8ItqZUqXh6qnORqTKenUCZmBttrO7QwdJs1UrogNr9TOXiUqcxkzXB1Al/UWbYDKvDZSCQRBtM7KhQJBnT4ZxvF8OqhqdVrDdb6Gc3LJtDX+nLY+pcF8cYLELToV0yuRYknX5fzrPVIFxNFWWqGcqdCbi5I2Hu1//aJ8EWoVNwbHvPYeGPF1XD1Ew2LqE0z5Q53Glv3mWWG/cWsz26/jTAviMAQqAFRdLteyAEi/rZQf/f6z5sASbAXn3GrgcFxygFLq1GxJAa/bQfJQPYepnDr/AGV4Isz4fH4gMwNrIGHX2imUn1OWNr5VIN57Pif2Y8bwimrhAuLpDqPI30O/1nn6vhvjeGYrV4TiwdR/tMel/wBJUyiLK5plToDgXF2YIOF4zMTa3Ib/ABHr4T8QOQBwjFC/emR+sq5QtVy0083afR/AXDqlPCVcQ6Ogq6i5tmGumu3vMvhnwBiVqjE8YoZVX4aPW/c9N/5oZ9Co06eHQZUuFtkutlsNjp7D/wDKZcme/I348dLpCyaBn0JDBh2/zltHiqClRkQuubMosR1Y+/RdPSVSUUWGfzeYaobDca//AB/SExZUVCuUZOu5NgNR7H03mFrVTOqhnGmVfN3+ED6am0ssSSPKAWzHO4FxmJ8x63C/y2q2d851CMNVNyb6k769uglBM4DEtvlKnc2ABt9T16xAIIy3otYFToV1+E9D6uNYdVTqVy6kqwuTdc19fUBdrbGECTUZwpFmva3xecnzD2EBaFgNCWA+H5fnq35RgvypRzh7FVLMCdvLm6bjUHQdJGyhmC6hiQpG2wUA++v5xpoo9T8iCLXF+h9l/OAcPUZzpr8W3Xt9W/KI2ctU5gKrrclzrcjNe/b4R32tIabMqkDMwXTKCQDa/wCrdY1UVjlVmKg2GbWw2/8A4qY3S+ZT5jYlAdP7rHt+GNO2dk/qAAlBe2ltRcDS3ohiwDcMpJYDv1sTr21cfSP5dyaQ1Fst2+n6kyvJ+JSbG9j+HXp/+IgmhqLUYmnmAVmPlvYb9TudFi7mxLFmA1Fhl2HS2+phZWpU9SGAFrEHtb94RU/EtlF7gbnfv8o4VIKg1LjVSba9rgbfIwM2WnzKZykjUd9CbW+kYoyhXVVBFrsTfoSfzMprkZQStzbbQ6ARiEjmM4z1XAvv0Nre/rpHZnK6sSbXv7jtKC6X1B3N/cmVUuANTYdtukchW6EatO5uxGv4U0kigWOokj0XZ6k1kRSSbDteLbGAXyr5RsJz1xFIJctmPvI2JZRoLA66CJm6Ir1X1U2DWuBAuut3ub/QzmnEMwFmIPpF1MQxNjfUWvDRurUxyqRYA5idbxdTirhSPIB7/nOO7FwNLHaENspYCw19YDTQ2JqJVLa37dv5vLGNqm4VymlrD+a/8xC0xUbO9zYfEes108NytQgsdc2+kRxXMqnLlYWv5tNo6leqbjMLWOa9gf5+8KjQtUuELlgNTNa4bMP6jZwNhbaILVVICtUvl/8AtLt/P8TQPNaynTdb7+stKIdbkgNsLCMC/wBQaZT1t1iMVO6jy69Rl/SPVs9mBsR0EzuzAWcgDpFtVKKApynXzRB0EYKfPbbvNC1hYEa99b2nDOKJUWJJHU9YS45+WADdv2gTt5FLhlbKT1ECpQWoQtRyfnOV98qBB5gB2HSGuNqDc2HcwEdanQRVKrYjt2MX9yB66j/p3mdcbSB63a3w9TN6VQijMdd7mAuwJhRTBypra17y1p1CAHI9jrLL1ai+Sy+oMivUU+YH6Q2S2TlozWBtrZBreMVVVbDS0E1FIsZM/YHUxbGjAABvJcQbjqPrBNVQd4tloy56wSVA3metjEQaXv0mGrj7sSii/a8NnI31KiIbMAQOneJFQJdgulttJjpVS+pc67yFqtyb3DbiJToUcSBc1SBrYEHcesOoxsHUkqTY27dxOczuqtlXOT0b1jaGKdKeWp8Pdekexo84mnmIp6sp19/SCuIL3ylVPQm9pfLXEknPlIN/LofnLOEbSzK1u0B4z8yo1gQzgagEWA9YTM4IzgC+nl1jVw9S4JABO+t7wPu75ii2Q9zreBzQTVRTdEuD13lrVYizXItpl2EioiqTUckk2sBtGLTDgjnBh7WIhs/Aqxy5mIRVOoEYKqk3AL9NDASi1icyseuukEq+pYshHwqvWJLSpFyLCx7ayze+ml5mpkD4rq3pqY41CdjY+kewJly2uSPTpBZCdVJXsNxLKZhmcXHY7xlMEm40EewxV6bA6rn0O2vTb5/+bzlY/B08Wj0auHStTcZSr9bnp/PWejairE3O4sZmOEdaucOCt/hI6R9hK+KeJ/BGL4QKmK4dROIwxN2RVN036btt++k8ph6+WgVQAMw1YH4R79J+j6uDQhyVbvc7Hv8A49p4rxR9n2G4tTqV8JSGHxLG7VKembrqP50nRjzeaqvrwGFxATD8tdVVMqja3rD8pwLMLlx5bf2jqYviPBMdwZFoYynUU3IDDXOR3MzOzUcCaQPnOrkd+01n/gLLrSpqoFx0nJxlRHxQ2BOtxG4vGEuF2QDWYxUWrc2u99/Saz4zqmw+aizgWudLy/uK8gOov3nXo4ZKyJTTS41nYbg60OHtruO0XYPCVEAYgbCIbedTG4I0Q2XU31nNYZfeFKwEsEjbSVJI+Ieh4B4qxXCXCM7NS7X2n1Pw74nocUpoab3qAjTNYz4XN3DOKYjhmIFWg5BG46GTlhMmmOf+v0I1XmK2fPUJU2Guh6xFSgxoWdlAOjWHTbT5aTx/h7x6mNK08QoVu957WjXpYukGSoCLTlywuP1rLChh0C/HcC9gBvcW3/m8JsMSLhlzEXJUbHXX8x9BH2UN5VBPW/8AiQgZRf4v0ma9RlNJQSLtY+p2sB+lx84wU7EMbaWOvvf/AAIwLcEkAgestvOCVIC72vrHsp4QyAkdbjXrf199YTU3AHm63BG4F729doYADBswBEgKlrgwUAbMQxGnU67EH9YIQXN6liett9b/AC2G0YWBJgqQDa4HuIxtGV7gh1NhbTS4gsHT4tj1P7QmynbeKdnTyljrAwjMwy3Y9gekAq4LHMQsNHs6syDfWMqvTqVDY2Q/h7QJjqYjYNcadRb9IaOlQjKzE+vf/wAxxIJYKA65eoiOWrELTNgRfU2tGirqXACspudLDp0/yZAAbArZW0AI1H8A/OUEcHKwUC9ibky2S17HMOg7QCZmzhgTYa+Y/Pf6QLADUhdNu5/8mTUHVb6a6wcxHSMkspsSBIwGW3S99ZC9ukUzX6xhGygAdotvnKMBm1lRGQgbCwkiixJkj2RtOgQpJbWaUrMlMqqXvoSYKkHQ7GFaGiijqBlYgxBNQtYKdO806ggiTOwOsVhlAOxvYDW8YqEnKBbtcQ0YBr2jlAYXiMFLMx8xOg1sJsoldb3+ZiEAVr7/ADmmnlGtgDFU/WtAAbi1hsI9SB1vMy1NNbRgYQUaxFha/wApZrXX0ETmtLBDb6RUDzswsTcdIDDMdbwwt9BG01UHWSGbkFhex0Mo0GIAJt6CdE5LbyDl3ubRltz0ouDZFt79YYwrsbsb+k6F0JuLQkyZrSTTA4Y0zzMouBpfrNNem9VSMwFtwJdOqisB0EVWxgp1WYWN4xB0Hp0xbrGviVUeX85zziBcuCB1tMtTieFraPUKVFOhiDptjFP+4uvcRNXGmmwvt7zBVz1UBSsrA9RFZiaZVzmyxG3DiXnOukpsd1V7DrOPzSHui/KNvVZdrXjDVUrLVObObdYtEa+2xuGvvBo0Gv5rkek2UqIy/CT7xAKqR5k+Y7Q0eqVuut/SPQWIAUDTpNCLlFgLRhmopUqA3uLdD1mlcOL6HYagjeOpJc6wmpsToZIJWmoctlIPvLp0wKhdfK3e+8by2Y6mXy2G0CUK7Fsp8pHXcRbmprlKs2943l7XGnWFywTeA8YTSctqoFto4LYAXHymg0lBvICAdAIAsKm1rw0S2xsv9shY3+ESwzQCCig1UAe8tKCrqdTIGOfWEDrvGn1RWnuR9Zd+gH0gVBr6QCxTaI9HDa+0mYWmVqzMNQYBxRQedTaA00OM6nS4iDcLa0uniQ/wnSG2QjQwVHOx/B6GOoMtSmj36ET514q8AcSw68/g1NKlIrd0Lag+l59Uy2W4MprC+ZcwmmGdxPb8t47A43D4g0sVh6lKx1zCSg9Ol+G5n6M4hwfhvEyRisHTqD1E8X4g+yzB4wGpwdORXtooPl+c6ceaXypfPOFVM+KGYaCehxeLU4coNhOBxDw1x/wzWdsZh2NNd3TUGZ6vFLUhmuA011L7A042hzaJcaTzFemVc3noa71qtFWp/wC2d4nEcNFWmCupImkLW3nrSWm6vhOTMT6G0m6TcdBhIAWAO0GXtJiHXwyCkA9JtZ6HgfizF8LqBays1OeLp4h6exm2nxNsuVgDLusppe32jhPifBYxVqBwGO4JnXzmsM6aifCMPxE0Kq1aTEWNyJ9U8Kceo47BKOYS1tRfYzi5OLXsayvRNcW7dZTLceWFbOLjQGCCBpeYqKKa3a94AfXKBYd4xmJbTUdoLjy6C0IpCTfU7SgDUbeUQQtj1kU5RfrGS6ilNLylqsdDYgQWY7kbyBRa5gewtWsbAXkDg7giEAJLqOkcK0O17X1g6rDziS4YaxkHOd9zBapcbS2CqdIBgVUx94tjLJi3MaVswi2aQmAxjC80BzALGCWhIELSQLyR6JsWoYRqGZleGaotKJpFW0vm3mZagMO/aAaVe8YGtMYciOQlpNDUnmj1PrMq6RiE33k041q0YpmdT6w89tohpqzQlOsx8wxgqG0Bps5oWTnzIHHUy847wDXziRpANR76TPzgJZrHpEbQtV7xtKq1zrMHOa8KnWIa8QbziaquO0w167sxOYiPFTMBF1KGY3EAz/eKgFs3tL5nPTJUohj3AjUw9m801IiKtgBAMdPBVAPKzKO02U8MqUiCTmPeOU6by9LwBScPVhvNNPCpTFt5Fq5RvLFS+5iBy0lAvlhaAaCKWrpaGH1gBoRfUQ7W2ggAwr2gBK5EYrm8zljCFS28A0htYTPpM2cd5fNEC0casE1YrmLBveAONWUKqkzOxgtUCi8Dbcwglidpip4pHNhoY0VQTYGAaM0vN5dDrE5pWcdTAHAMwuTLyaQKToxtcxjNli0AGkTBamNiLxnMEpnuIgzmgFN0Fotc4qG4mq9/SCbbGMFCtYkGWKqncwXpC9xrENTcNcDSAa/6eUkwqT0qS3FtZz3r/gIinVmsFcj0gGridOhxDDNQrU1dG3BG8+XeKPsxGKJrcJqLSI/+23wn/E+kfd6m5fTtBIDNkK29Zphnlj8J8JxWB4jwCmKONwpybZkuQZs4fR+90/LsZ9g4hwehiqJSqgZSJ5Kt4Yp4Gq1SjcA9J1Y8soeH41gKGHwha13tPFPfNPonijCsmHYnQT59VQhjL+xOQUplzYSOArWEZQqCne/aKbViY75j4hUgNjJJIm5dkalW07nhnij4LiKZScrMARPPTZw0kY6jbfOJd9jTC+vvuDdq2FVydxHNYi05nCcWBgqanU2E6AqBpwX62Ccqy8wtCYAi8XZpJlnU3hi1pGXSLJtKSJyBBziAzSs0AMmATJeSMqJLX1kYgHSDAJjJbNciAxkLQGMAFoBlk6wWa0YUxtFsdJTNeATAKMEmWSIDMJQVJAzSRkcrQwwaJWNUQI1VA2hgWiw0YGEAYguY9bARAYCQ1gJNDWrDvCDgdZhFa8MVDEcbOZ6whVt1mMOYQYmI2oVoRrTIDDAJgD+aT1kFQ94tVhqusQ0ZmMsN6yrSAGAMDXhqQDFAGQhoBqWqBGisDMK5oYzXiDZztYQqg9Zk1MmsQbOb6yxVmPMRuYYeAauaT1hCqQJnDQwwhoHrVN45avrMglgw0G1sQbaG0AV2/umcGXANQxBI3lipfczMJea0QauZ6yuYB1mXmWk5t49Bq5oEnPmXN6yZoaDXzbyuZYzPmlZrw0DgyglrCMpnXMdpmEcrjLa0QPeqOkWXB3MQ7FTpKU33gGlKmU6TQa5ZNRMKHzQ2e0AcapEo1zM7OYOcwDTziesvmORMecgwjXYCAPNRlNyYZxIy62mLOzHWFyGfYwAK1Rc2YRHObNeajhCBrAbDgQClxNQxiXY3tFquU7TXRK9RaAKqK7bGZsThi9PUXnSfKBpEuLixMcofKvHfCce+GY4anmtqQN58wqI9O61VZWHRhafpjE4Na62IBHtPK8Y8CYDiYJekA3caGdPHy6mqmx8Kkn0PG/Zjy6h5NZwOgbWYR9nGJLW+8ae00/bimYWvFaSp9Do/ZkpH9TEuT6CbaP2Y4I/E9U/OF5MT/XXzG06PBMM1fHplGxn0F/szwQHlNQfObeF+D8LwxiUBJ3u28m82OvFTDVbeHqadBAegtOijHoYK4YAWttHU6J6CctjQasbamMD+srlG2svIBvFothdwdIoqTGtlWIepbaMKItvJYQM95M0YGZWaAWvKvAhlotmlMYBN4wstrBLSiYJaB6RjFP7wi0WxlaASYBMtmgExkomAxlkwGMKQbyQSRJAP/9k="></center>

]]></system-out>
  </testcase>
</testsuite>